<?xml version="1.0" encoding="UTF-8"?>
<!-- Generated by org.testng.reporters.JUnitReportReporter -->
<testsuite hostname="Thu-Trang" failures="0" tests="3" name="tests.LoginTest" time="31.373" errors="0" timestamp="2025-05-05T11:01:27 GMT+07:00" skipped="0">
  <testcase classname="tests.LoginTest" name="testValidLogin" time="10.759"/>
  <testcase classname="tests.LoginTest" name="testLoginWrongPassword" time="8.030"/>
  <testcase classname="tests.LoginTest" name="testLoginInvalidEmailFormat" time="12.584"/>
</testsuite> <!-- tests.LoginTest -->
